<?xml version="1.0" encoding="UTF-8"?>
<!-- Generated by org.testng.reporters.JUnitReportReporter -->
<testsuite hostname="TALAN-HSK2S70" failures="0" tests="1" name="com.sadakar.testng.runner.RunCucumberTest" time="17.342" errors="0" timestamp="2024-08-02T14:35:39 WAT" skipped="0">
  <testcase classname="com.sadakar.testng.runner.RunCucumberTest" name="runScenario" time="17.342"/>
  <system-out/>
</testsuite> <!-- com.sadakar.testng.runner.RunCucumberTest -->
