<?xml version="1.0" encoding="UTF-8"?>
<!-- Generated by org.testng.reporters.JUnitReportReporter -->
<testsuite hostname="DESKTOP-9AUAB75" failures="0" tests="1" name="com.sadakar.testng.runner.RunCucumberTest" time="33.386" errors="0" timestamp="2024-08-09T14:53:41 GMT+01:00" skipped="0">
  <testcase classname="com.sadakar.testng.runner.RunCucumberTest" name="runScenario" time="33.386"/>
  <system-out/>
</testsuite> <!-- com.sadakar.testng.runner.RunCucumberTest -->
